<?xml version="1.0" encoding="UTF-8"?>
<testsuite name="Banistmo's tarifario" tests="1" skipped="0" failures="0" errors="0" timestamp="2020-08-06T15:59:36" hostname="LAPTOP-U0LFOLUR" time="19.148">
  <properties/>
  <testcase name="Validate tarifario pdf" classname="Banistmo's tarifario" time="19.148"/>
  <system-out><![CDATA[]]></system-out>
  <system-err><![CDATA[ago 06, 2020 10:59:36 AM org.openqa.selenium.remote.DesiredCapabilities chrome
INFORMACIÓN: Using `new ChromeOptions()` is preferred to `DesiredCapabilities.chrome()`
Starting ChromeDriver 84.0.4147.30 (48b3e868b4cc0aa7e8149519690b6f6949e110a8-refs/branch-heads/4147@{#310}) on port 43629
Only local connections are allowed.
Please see https://chromedriver.chromium.org/security-considerations for suggestions on keeping ChromeDriver safe.
ChromeDriver was started successfully.
ago 06, 2020 10:59:41 AM org.openqa.selenium.remote.ProtocolHandshake createSession
INFORMACIÓN: Detected dialect: W3C
[Test worker] INFO net.serenitybdd.core.Serenity - 
        __    _____ _____ ____ _____   ____   _    ____  ____  _____ ____  
  _     \ \  |_   _| ____/ ___|_   _| |  _ \ / \  / ___|/ ___|| ____|  _ \ 
 (_)_____| |   | | |  _| \___ \ | |   | |_) / _ \ \___ \\___ \|  _| | | | |
  _|_____| |   | | | |___ ___) || |   |  __/ ___ \ ___) |___) | |___| |_| |
 (_)     | |   |_| |_____|____/ |_|   |_| /_/   \_\____/|____/|_____|____/ 
        /_/                                                                

TEST PASSED: Validate tarifario pdf
----------------------------------------------------------------------------
]]></system-err>
</testsuite>
